<?xml version="1.0" encoding="UTF-8"?>
<testsuite xmlns:xsi="http://www.w3.org/2001/XMLSchema-instance" xsi:noNamespaceSchemaLocation="https://maven.apache.org/surefire/maven-surefire-plugin/xsd/surefire-test-report-3.0.xsd" version="3.0" name="TestSuite" time="35.539" tests="2" errors="0" skipped="0" failures="0">
  <properties>
[...]
</properties>
  <testcase name="feature[&quot;Search for an item and add to the basket via quick add&quot;, &quot;Optional[Check an item can be searched and added to the basket]&quot;, com.gymshark.core.ManagedWebDriver@3ec7e33c](1)" classname="com.gymshark.tests.RunWebDriverCucumberTests" time="33.268">
    <system-out><![CDATA[capabilities.config
15:04:45.961 [TestNG-test=Cucumber Tests-1] DEBUG com.gymshark.core.WebDriverFactory - Using capabilities configuration from FILE :: capabilities-on-prem.yml
15:04:46.049 [TestNG-test=Cucumber Tests-1] DEBUG com.gymshark.core.WebDriverFactory - Running tests on 1 active platforms.

Scenario: Search for an item and add to the basket via quick add                          &amp#27;[90m# features/search.feature:3&amp#27;[0m

Scenario: Search for an item and add 2 items to the basket via basket                     &amp#27;[90m# features/search.feature:15&amp#27;[0m
  &amp#27;[32mGiven &amp#27;[0m&amp#27;[32mThe Gymshark homepage has successfully loaded&amp#27;[0m                                     &amp#27;[90m# com.gymshark.stepdefs.CommonSteps.theGymsharkHomepageHasSuccessfullyLoaded()&amp#27;[0m
  &amp#27;[32mGiven &amp#27;[0m&amp#27;[32mThe Gymshark homepage has successfully loaded&amp#27;[0m                                     &amp#27;[90m# com.gymshark.stepdefs.CommonSteps.theGymsharkHomepageHasSuccessfullyLoaded()&amp#27;[0m
  &amp#27;[32mWhen &amp#27;[0m&amp#27;[32mI search for an item I should see a list of matching search results&amp#27;[0m                &amp#27;[90m# com.gymshark.stepdefs.search.Search.theSearchButtonIsClicked()&amp#27;[0m
  &amp#27;[32mWhen &amp#27;[0m&amp#27;[32mI search for an item I should see a list of matching search results&amp#27;[0m                &amp#27;[90m# com.gymshark.stepdefs.search.Search.theSearchButtonIsClicked()&amp#27;[0m
  &amp#27;[32mThen &amp#27;[0m&amp#27;[32mI will choose an item and size which will get added to the cart&amp#27;[0m                    &amp#27;[90m# com.gymshark.stepdefs.search.Search.iHoverOverAnItemTheQuickAddSizeCtaWillAppear()&amp#27;[0m
  &amp#27;[32mThen &amp#27;[0m&amp#27;[32mI will choose an item and size which will get added to the cart&amp#27;[0m                    &amp#27;[90m# com.gymshark.stepdefs.search.Search.iHoverOverAnItemTheQuickAddSizeCtaWillAppear()&amp#27;[0m
  &amp#27;[32mWhen &amp#27;[0m&amp#27;[32mThe minicart is open and i click on the x button&amp#27;[0m                                   &amp#27;[90m# com.gymshark.stepdefs.search.Search.theMiniCartIsOpenAndIClickOnTheXButton()&amp#27;[0m
  &amp#27;[32mThen &amp#27;[0m&amp#27;[32mThe minicart will close&amp#27;[0m                                                            &amp#27;[90m# com.gymshark.stepdefs.search.Search.theMiniCartWillClose()&amp#27;[0m
  &amp#27;[32mThen &amp#27;[0m&amp#27;[32mI will add another item which will get added to the cart&amp#27;[0m                           &amp#27;[90m# com.gymshark.stepdefs.search.Search.iWillAddAnotherItemWhichWillGetAddedToTheCart()&amp#27;[0m
  &amp#27;[32mWhen &amp#27;[0m&amp#27;[32mThe cart has opened then I will click on checkout button&amp#27;[0m                           &amp#27;[90m# com.gymshark.stepdefs.search.Search.theCartHasOpenedThenIWillClickOnCheckoutButton()&amp#27;[0m
  &amp#27;[32mThen &amp#27;[0m&amp#27;[32mI will be redirected to the information page&amp#27;[0m                                       &amp#27;[90m# com.gymshark.stepdefs.search.Search.iWillBeRedirectedToTheInformationPage()&amp#27;[0m
  &amp#27;[32mWhen &amp#27;[0m&amp#27;[32mThe cart has opened then I will click on checkout button&amp#27;[0m                           &amp#27;[90m# com.gymshark.stepdefs.search.Search.theCartHasOpenedThenIWillClickOnCheckoutButton()&amp#27;[0m
  &amp#27;[32mThen &amp#27;[0m&amp#27;[32mI will be redirected to the information page&amp#27;[0m                                       &amp#27;[90m# com.gymshark.stepdefs.search.Search.iWillBeRedirectedToTheInformationPage()&amp#27;[0m
  &amp#27;[32mWhen &amp#27;[0m&amp#27;[32mI click continue to shipping after filling out the mandatory fields on information&amp#27;[0m &amp#27;[90m# com.gymshark.stepdefs.search.Search.iClickContinueToShippingAfterFillingOutTheMandatoryFieldsOnInformation()&amp#27;[0m
  &amp#27;[32mThen &amp#27;[0m&amp#27;[32mI will be taken to the shipping page&amp#27;[0m                                               &amp#27;[90m# com.gymshark.stepdefs.search.Search.iWillBeTakenToTheShippingPage()&amp#27;[0m
  &amp#27;[32mWhen &amp#27;[0m&amp#27;[32mI click continue to shipping after filling out the mandatory fields on information&amp#27;[0m &amp#27;[90m# com.gymshark.stepdefs.search.Search.iClickContinueToShippingAfterFillingOutTheMandatoryFieldsOnInformation()&amp#27;[0m
  &amp#27;[32mThen &amp#27;[0m&amp#27;[32mI will be taken to the shipping page&amp#27;[0m                                               &amp#27;[90m# com.gymshark.stepdefs.search.Search.iWillBeTakenToTheShippingPage()&amp#27;[0m
  &amp#27;[32mWhen &amp#27;[0m&amp#27;[32mI click on the continue to payment button&amp#27;[0m                                          &amp#27;[90m# com.gymshark.stepdefs.search.Search.iClickOnTheContinueToPaymentButton()&amp#27;[0m
  &amp#27;[32mThen &amp#27;[0m&amp#27;[32mI will be taken to the payment page&amp#27;[0m                                                &amp#27;[90m# com.gymshark.stepdefs.search.Search.iWillBeTakenToThePaymentPage()&amp#27;[0m
]]></system-out>
    <system-err><![CDATA[Starting ChromeDriver 92.0.4515.43 (8c61b7e2989f2990d42f859cac71319137787cce-refs/branch-heads/4515@{#306}) on port 17795
Only local connections are allowed.
Please see https://chromedriver.chromium.org/security-considerations for suggestionSst oanr tiknege pCihnrgo mCehDrroivmeerD r9i2v.e0r. 4s5a1f5e..43
 (8Cch6r1obm7eeD2r9i8v9fe2r9 9w0ads42 fs8t5a9rctace7d1 3s1u9c1c37e7s8s7fcuclel-yr.e
fs/branch-heads/4515@{#306}) on port 19486
Only local connections are allowed.
Please see https://chromedriver.chromium.org/security-considerations for suggestions on keeping ChromeDriver safe.
ChromeDriver was started successfully.
Aug 13, 2021 3:04:50 PM org.openqa.selenium.remote.ProtocolHandshake createSession
INFO: Detected dialect: W3C
Aug 13, 2021 3:04:50 PM org.openqa.selenium.remote.ProtocolHandshake createSession
INFO: Detected dialect: W3C
]]></system-err>
  </testcase>
  <testcase name="feature[&quot;Search for an item and add 2 items to the basket via basket&quot;, &quot;Optional[Check an item can be searched and added to the basket]&quot;, com.gymshark.core.ManagedWebDriver@1f91e974](2)" classname="com.gymshark.tests.RunWebDriverCucumberTests" time="34.702">
    <system-out><![CDATA[  &amp#27;[32mWhen &amp#27;[0m&amp#27;[32mI click on the continue to payment button&amp#27;[0m                                          &amp#27;[90m# com.gymshark.stepdefs.search.Search.iClickOnTheContinueToPaymentButton()&amp#27;[0m
  &amp#27;[32mThen &amp#27;[0m&amp#27;[32mI will be taken to the payment page&amp#27;[0m                                                &amp#27;[90m# com.gymshark.stepdefs.search.Search.iWillBeTakenToThePaymentPage()&amp#27;[0m
]]></system-out>
  </testcase>
</testsuite>