<?xml version="1.0" encoding="UTF-8"?>
<!-- Generated by org.testng.reporters.JUnitXMLReporter -->
<testsuite ignored="0" hostname="akeemwatson-MacBook-pro-2.local" failures="0" tests="2" name="Cucumber Tests" time="35.238" errors="0" timestamp="2021-08-13T15:05:20 BST">
  <testcase classname="com.gymshark.tests.RunWebDriverCucumberTests" name="feature" time="33.244"/>
  <testcase classname="com.gymshark.tests.RunWebDriverCucumberTests" name="feature" time="34.703"/>
</testsuite> <!-- Cucumber Tests -->
